0 info it worked if it ends with ok
1 verbose cli [ '/Users/Katie/.nvm/versions/node/v5.1.1/bin/node',
1 verbose cli   '/Users/Katie/.nvm/versions/node/v5.1.1/bin/npm',
1 verbose cli   'start' ]
2 info using npm@3.3.12
3 info using node@v5.1.1
4 verbose run-script [ 'prestart', 'start', 'poststart' ]
5 info lifecycle vittles@0.0.0~prestart: vittles@0.0.0
6 silly lifecycle vittles@0.0.0~prestart: no script for prestart, continuing
7 info lifecycle vittles@0.0.0~start: vittles@0.0.0
8 verbose lifecycle vittles@0.0.0~start: unsafe-perm in lifecycle true
9 verbose lifecycle vittles@0.0.0~start: PATH: /Users/Katie/.nvm/versions/node/v5.1.1/lib/node_modules/npm/bin/node-gyp-bin:/Users/Katie/ga/wdi/projects/vittles/node_modules/.bin:/Users/Katie/.nvm/versions/node/v5.1.1/bin:/usr/local/heroku/bin:/usr/local/bin:/Users/Katie/.rbenv/shims:/Users/Katie/.rbenv/bin:/Users/Katie/.rvm/gems/ruby-2.2.1/bin:/Users/Katie/.rvm/gems/ruby-2.2.1@global/bin:/Users/Katie/.rvm/rubies/ruby-2.2.1/bin:/Users/Katie/.rbenv/shims:/usr/local/bin:/usr/bin:/bin:/usr/sbin:/sbin:/Users/Katie/.rvm/bin:/Applications/Postgres.app/Contents/Versions/9.4/bin:/Users/Katie/.rvm/bin
10 verbose lifecycle vittles@0.0.0~start: CWD: /Users/Katie/ga/wdi/projects/vittles
11 silly lifecycle vittles@0.0.0~start: Args: [ '-c', 'node ./bin/www' ]
12 silly lifecycle vittles@0.0.0~start: Returned: code: 1  signal: null
13 info lifecycle vittles@0.0.0~start: Failed to exec start script
14 verbose stack Error: vittles@0.0.0 start: `node ./bin/www`
14 verbose stack Exit status 1
14 verbose stack     at EventEmitter.<anonymous> (/Users/Katie/.nvm/versions/node/v5.1.1/lib/node_modules/npm/lib/utils/lifecycle.js:232:16)
14 verbose stack     at emitTwo (events.js:87:13)
14 verbose stack     at EventEmitter.emit (events.js:172:7)
14 verbose stack     at ChildProcess.<anonymous> (/Users/Katie/.nvm/versions/node/v5.1.1/lib/node_modules/npm/lib/utils/spawn.js:24:14)
14 verbose stack     at emitTwo (events.js:87:13)
14 verbose stack     at ChildProcess.emit (events.js:172:7)
14 verbose stack     at maybeClose (internal/child_process.js:818:16)
14 verbose stack     at Process.ChildProcess._handle.onexit (internal/child_process.js:211:5)
15 verbose pkgid vittles@0.0.0
16 verbose cwd /Users/Katie/ga/wdi/projects/vittles
17 error Darwin 15.0.0
18 error argv "/Users/Katie/.nvm/versions/node/v5.1.1/bin/node" "/Users/Katie/.nvm/versions/node/v5.1.1/bin/npm" "start"
19 error node v5.1.1
20 error npm  v3.3.12
21 error code ELIFECYCLE
22 error vittles@0.0.0 start: `node ./bin/www`
22 error Exit status 1
23 error Failed at the vittles@0.0.0 start script 'node ./bin/www'.
23 error Make sure you have the latest version of node.js and npm installed.
23 error If you do, this is most likely a problem with the vittles package,
23 error not with npm itself.
23 error Tell the author that this fails on your system:
23 error     node ./bin/www
23 error You can get their info via:
23 error     npm owner ls vittles
23 error There is likely additional logging output above.
24 verbose exit [ 1, true ]
